$ docker build -f Dockerfile2 . --no-cache --progress=plain --rm 2>&1 | tee build2.log

#1 [internal] load build definition from Dockerfile2
#1 sha256:8711570711bc7325a7c6fa59dfe5c1a0275112f51ae67f4cc11968cac148d121
#1 transferring dockerfile: 147B done
#1 DONE 0.0s

#2 [internal] load .dockerignore
#2 sha256:6cfbf469d620f80f0c40f8fc12595c57e0f1b511bfe7312abaa09e1b86d955ec
#2 transferring context: 2B done
#2 DONE 0.0s

#3 [internal] load metadata for docker.io/library/busybox:latest
#3 sha256:da853382a7535e068feae4d80bdd0ad2567df3d5cd484fd68f919294d091b053
#3 DONE 1.7s

#4 [1/3] FROM docker.io/library/busybox@sha256:5acba83a746c7608ed544dc1533b87c737a0b0fb730301639a0179f9344b1678
#4 sha256:febe881d6178d2376f5b4710f437bbc095822c5083b56cd0c294cddec5cb711c
#4 CACHED

#5 [2/3] RUN /bin/sh -c "echo 'hello world'"
#5 sha256:82a7de7c1d8151274631a5ac52ebf40f687d2abeeea80f83d069986b1f3ae32c
#5 0.221 hello world
#5 DONE 0.2s

#6 [3/3] RUN /bin/sh -c "echo $HOME" # shell form($HOME substituted)
#6 sha256:7bfa8694e79ca00711796fac96213e5aab934e68631d1ff6be8f96b124752fbe
#6 0.371 /root
#6 DONE 0.4s

#7 exporting to image
#7 sha256:e8c613e07b0b7ff33893b694f7759a10d42e180f2b4dc349fb57dc6b71dcab00
#7 exporting layers 0.1s done
#7 writing image sha256:7c94d604b0b52fc9fee1f88334abd9a46249762f5e513c4f677afe1b30e06f5a done
#7 DONE 0.1s
