$ docker build -f Dockerfile1 . --no-cache --progress=plain 2>&1 | tee build1.log

#1 [internal] load build definition from Dockerfile1
#1 sha256:d16a8c6782e67e2b23fe565da0233efeba18db32c5a87d49c29bcb3f08973536
#1 transferring dockerfile: 111B done
#1 DONE 0.0s

#2 [internal] load .dockerignore
#2 sha256:ec312e6c3056ed033f9f8229de706a8f00b070d6eabe37bb30e3b6c8dcf4f7ba
#2 transferring context: 2B done
#2 DONE 0.0s

#3 [internal] load metadata for docker.io/library/busybox:latest
#3 sha256:da853382a7535e068feae4d80bdd0ad2567df3d5cd484fd68f919294d091b053
#3 ...

#4 [auth] library/busybox:pull token for registry-1.docker.io
#4 sha256:be9030700b2f7be4a296aa0741a24c9af18dc59827eae62fe0555b68ac33386f
#4 DONE 0.0s

#3 [internal] load metadata for docker.io/library/busybox:latest
#3 sha256:da853382a7535e068feae4d80bdd0ad2567df3d5cd484fd68f919294d091b053
#3 DONE 3.0s

#5 [1/3] FROM docker.io/library/busybox@sha256:5acba83a746c7608ed544dc1533b87c737a0b0fb730301639a0179f9344b1678
#5 sha256:febe881d6178d2376f5b4710f437bbc095822c5083b56cd0c294cddec5cb711c
#5 CACHED

#6 [2/3] RUN echo "hello world"
#6 sha256:3e42658541d95ea606e50e420643677ca1e13a3584c4620061730ae7ddd1c0bc
#6 0.267 hello world
#6 DONE 0.3s

#7 [3/3] RUN echo "$HOME" # $HOME substituted
#7 sha256:074e4b03e567ca6eb119d060788b8e7d038b1c844034ab2d1505085b3e8d7ffd
#7 0.335 /root
#7 DONE 0.4s

#8 exporting to image
#8 sha256:e8c613e07b0b7ff33893b694f7759a10d42e180f2b4dc349fb57dc6b71dcab00
#8 exporting layers 0.1s done
#8 writing image sha256:9aa58a616558b1d1de3dcf612e1ecd37695ff44d5ed142c796b9adcb63a0196d
#8 writing image sha256:9aa58a616558b1d1de3dcf612e1ecd37695ff44d5ed142c796b9adcb63a0196d done
#8 DONE 0.1s
