$ docker build -f Dockerfile3 . --no-cache --progress=plain 2>&1 | tee build3.log

#1 [internal] load build definition from Dockerfile3
#1 sha256:e2871477414624a8b232828f897464fbbb3da83dafc3b9594587e4133d7bd4ab
#1 transferring dockerfile: 125B done
#1 DONE 0.0s

#2 [internal] load .dockerignore
#2 sha256:5148e8e8d8e4151d831fb5526e487a5df4c09cbf15f48b4920a00b85b14860e2
#2 transferring context: 2B done
#2 DONE 0.0s

#3 [internal] load metadata for docker.io/library/busybox:latest
#3 sha256:da853382a7535e068feae4d80bdd0ad2567df3d5cd484fd68f919294d091b053
#3 DONE 1.6s

#4 [1/3] FROM docker.io/library/busybox@sha256:5acba83a746c7608ed544dc1533b87c737a0b0fb730301639a0179f9344b1678
#4 sha256:febe881d6178d2376f5b4710f437bbc095822c5083b56cd0c294cddec5cb711c
#4 CACHED

#5 [2/3] RUN ["echo", "hello world"]
#5 sha256:56ee0d519392882f7c16b3dfa4338039b7517208c7bd579338898a46efacb286
#5 0.252 hello world
#5 DONE 0.3s

#6 [3/3] RUN ["echo", "$HOME"] # $HOME not substituted
#6 sha256:6a7180e04cbf87fe8f102a0ba9af70a46cfe1a38f7e7f98a0170617d7839a936
#6 0.383 $HOME
#6 DONE 0.4s

#7 exporting to image
#7 sha256:e8c613e07b0b7ff33893b694f7759a10d42e180f2b4dc349fb57dc6b71dcab00
#7 exporting layers 0.1s done
#7 writing image sha256:afd01634af64ba7315198cc9b8091c9b0b65cbe191f601eeeb7794761cf690e8 done
#7 DONE 0.1s
